#
# There is insufficient memory for the Java Runtime Environment to continue.
# Native memory allocation (mmap) failed to map 134217728 bytes for G1 virtual space
# Possible reasons:
#   The system is out of physical RAM or swap space
#   The process is running with CompressedOops enabled, and the Java Heap may be blocking the growth of the native heap
# Possible solutions:
#   Reduce memory load on the system
#   Increase physical memory or swap space
#   Check if swap backing store is full
#   Decrease Java heap size (-Xmx/-Xms)
#   Decrease number of Java threads
#   Decrease Java thread stack sizes (-Xss)
#   Set larger code cache with -XX:ReservedCodeCacheSize=
#   JVM is running with Unscaled Compressed Oops mode in which the Java heap is
#     placed in the first 4GB address space. The Java Heap base address is the
#     maximum limit for the native heap growth. Please use -XX:HeapBaseMinAddress
#     to set the Java Heap base and to place the Java Heap above 4GB virtual address.
# This output file may be truncated or incomplete.
#
#  Out of Memory Error (os_windows.cpp:3557), pid=28176, tid=28240
#
# JRE version:  (17.0.6+10) (build )
# Java VM: OpenJDK 64-Bit Server VM (17.0.6+10, mixed mode, sharing, tiered, compressed oops, compressed class ptrs, g1 gc, windows-amd64)
# No core dump will be written. Minidumps are not enabled by default on client versions of Windows
#

---------------  S U M M A R Y ------------

Command Line: -Dfile.encoding=UTF-8 -XX:+ShowCodeDetailsInExceptionMessages StudentDataManagement

Host: Intel(R) Core(TM) i5-3470 CPU @ 3.20GHz, 4 cores, 7G,  Windows 10 , 64 bit Build 19041 (10.0.19041.2546)
Time: Thu Mar 23 14:37:27 2023 New Zealand Daylight Time elapsed time: 0.107038 seconds (0d 0h 0m 0s)

---------------  T H R E A D  ---------------

Current thread (0x00000253061aa1c0):  JavaThread "Unknown thread" [_thread_in_vm, id=28240, stack(0x000000f010200000,0x000000f010300000)]

Stack: [0x000000f010200000,0x000000f010300000]
Native frames: (J=compiled Java code, j=interpreted, Vv=VM code, C=native code)
V  [jvm.dll+0x67741a]
V  [jvm.dll+0x834434]
V  [jvm.dll+0x835bde]
V  [jvm.dll+0x836243]
V  [jvm.dll+0x2457b5]
V  [jvm.dll+0x674329]
V  [jvm.dll+0x6689da]
V  [jvm.dll+0x30489b]
V  [jvm.dll+0x30bd96]
V  [jvm.dll+0x35b57e]
V  [jvm.dll+0x35b7af]
V  [jvm.dll+0x2db778]
V  [jvm.dll+0x2dc6e4]
V  [jvm.dll+0x806131]
V  [jvm.dll+0x369331]
V  [jvm.dll+0x7e56ac]
V  [jvm.dll+0x3eb35f]
V  [jvm.dll+0x3ecea1]
C  [jli.dll+0x5267]
C  [ucrtbase.dll+0x21bb2]
C  [KERNEL32.DLL+0x17614]
C  [ntdll.dll+0x526a1]


---------------  P R O C E S S  ---------------

Threads class SMR info:
_java_thread_list=0x00007ffadd885fd8, length=0, elements={
}

Java Threads: ( => current thread )

Other Threads:
  0x0000025306204a30 GCTaskThread "GC Thread#0" [stack: 0x000000f010300000,0x000000f010400000] [id=28244]
  0x0000025306215d50 ConcurrentGCThread "G1 Main Marker" [stack: 0x000000f010400000,0x000000f010500000] [id=28248]
  0x0000025306217770 ConcurrentGCThread "G1 Conc#0" [stack: 0x000000f010500000,0x000000f010600000] [id=28252]

[error occurred during error reporting (printing all threads), id 0xc0000005, EXCEPTION_ACCESS_VIOLATION (0xc0000005) at pc=0x00007ffadd05c1e7]

VM state: not at safepoint (not fully initialized)

VM Mutex/Monitor currently owned by a thread:  ([mutex/lock_event])
[0x00000253061a5200] Heap_lock - owner thread: 0x00000253061aa1c0

Heap address: 0x0000000081e00000, size: 2018 MB, Compressed Oops mode: 32-bit

CDS archive(s) mapped at: [0x0000000000000000-0x0000000000000000-0x0000000000000000), size 0, SharedBaseAddress: 0x0000000800000000, ArchiveRelocationMode: 0.
Narrow klass base: 0x0000000000000000, Narrow klass shift: 0, Narrow klass range: 0x0

GC Precious Log:
<Empty>

Heap:
 garbage-first heap   total 0K, used 0K [0x0000000081e00000, 0x0000000100000000)
  region size 1024K, 0 young (0K), 0 survivors (0K)

[error occurred during error reporting (printing heap information), id 0xc0000005, EXCEPTION_ACCESS_VIOLATION (0xc0000005) at pc=0x00007ffadd4406f9]

GC Heap History (0 events):
No events

Dll operation events (1 events):
Event: 0.008 Loaded shared library C:\Users\Tanya Boshoff\.p2\pool\plugins\org.eclipse.justj.openjdk.hotspot.jre.full.win32.x86_64_17.0.6.v20230204-1729\jre\bin\java.dll

Deoptimization events (0 events):
No events

Classes unloaded (0 events):
No events

Classes redefined (0 events):
No events

Internal exceptions (0 events):
No events

VM Operations (0 events):
No events

Events (0 events):
No events


Dynamic libraries:
0x00007ff759cb0000 - 0x00007ff759cbe000 	C:\Users\Tanya Boshoff\.p2\pool\plugins\org.eclipse.justj.openjdk.hotspot.jre.full.win32.x86_64_17.0.6.v20230204-1729\jre\bin\javaw.exe
0x00007ffb2adf0000 - 0x00007ffb2afe8000 	C:\Windows\SYSTEM32\ntdll.dll
0x00007ffb29610000 - 0x00007ffb296cf000 	C:\Windows\System32\KERNEL32.DLL
0x00007ffb284f0000 - 0x00007ffb287c2000 	C:\Windows\System32\KERNELBASE.dll
0x00007ffb289b0000 - 0x00007ffb28ab0000 	C:\Windows\System32\ucrtbase.dll
0x00007ffb26c90000 - 0x00007ffb26ca7000 	C:\Users\Tanya Boshoff\.p2\pool\plugins\org.eclipse.justj.openjdk.hotspot.jre.full.win32.x86_64_17.0.6.v20230204-1729\jre\bin\jli.dll
0x00007ffb29ef0000 - 0x00007ffb2a091000 	C:\Windows\System32\USER32.dll
0x00007ffb28980000 - 0x00007ffb289a2000 	C:\Windows\System32\win32u.dll
0x00007ffb2a920000 - 0x00007ffb2a94b000 	C:\Windows\System32\GDI32.dll
0x00007ffb1a840000 - 0x00007ffb1a859000 	C:\Users\Tanya Boshoff\.p2\pool\plugins\org.eclipse.justj.openjdk.hotspot.jre.full.win32.x86_64_17.0.6.v20230204-1729\jre\bin\VCRUNTIME140.dll
0x00007ffb28870000 - 0x00007ffb2897f000 	C:\Windows\System32\gdi32full.dll
0x00007ffb287d0000 - 0x00007ffb2886d000 	C:\Windows\System32\msvcp_win.dll
0x00007ffb19500000 - 0x00007ffb1979a000 	C:\Windows\WinSxS\amd64_microsoft.windows.common-controls_6595b64144ccf1df_6.0.19041.1110_none_60b5254171f9507e\COMCTL32.dll
0x00007ffb29ba0000 - 0x00007ffb29c3e000 	C:\Windows\System32\msvcrt.dll
0x00007ffb29280000 - 0x00007ffb292b0000 	C:\Windows\System32\IMM32.DLL
0x00007ffb1f480000 - 0x00007ffb1f48c000 	C:\Users\Tanya Boshoff\.p2\pool\plugins\org.eclipse.justj.openjdk.hotspot.jre.full.win32.x86_64_17.0.6.v20230204-1729\jre\bin\vcruntime140_1.dll
0x00007ffaf1980000 - 0x00007ffaf1a11000 	C:\Users\Tanya Boshoff\.p2\pool\plugins\org.eclipse.justj.openjdk.hotspot.jre.full.win32.x86_64_17.0.6.v20230204-1729\jre\bin\msvcp140.dll
0x00007ffadcd70000 - 0x00007ffadd9b7000 	C:\Users\Tanya Boshoff\.p2\pool\plugins\org.eclipse.justj.openjdk.hotspot.jre.full.win32.x86_64_17.0.6.v20230204-1729\jre\bin\server\jvm.dll
0x00007ffb2ac70000 - 0x00007ffb2ad1e000 	C:\Windows\System32\ADVAPI32.dll
0x00007ffb29d80000 - 0x00007ffb29e1c000 	C:\Windows\System32\sechost.dll
0x00007ffb29c40000 - 0x00007ffb29d64000 	C:\Windows\System32\RPCRT4.dll
0x00007ffb240e0000 - 0x00007ffb240e9000 	C:\Windows\SYSTEM32\WSOCK32.dll
0x00007ffb2a0a0000 - 0x00007ffb2a10b000 	C:\Windows\System32\WS2_32.dll
0x00007ffb1bd60000 - 0x00007ffb1bd87000 	C:\Windows\SYSTEM32\WINMM.dll
0x00007ffb1c860000 - 0x00007ffb1c86a000 	C:\Windows\SYSTEM32\VERSION.dll
0x00007ffb26d60000 - 0x00007ffb26d72000 	C:\Windows\SYSTEM32\kernel.appcore.dll
0x00007ffb23ef0000 - 0x00007ffb23efa000 	C:\Users\Tanya Boshoff\.p2\pool\plugins\org.eclipse.justj.openjdk.hotspot.jre.full.win32.x86_64_17.0.6.v20230204-1729\jre\bin\jimage.dll
0x00007ffb18df0000 - 0x00007ffb18fd4000 	C:\Windows\SYSTEM32\DBGHELP.DLL
0x00007ffb18db0000 - 0x00007ffb18de5000 	C:\Windows\SYSTEM32\dbgcore.DLL
0x00007ffb28c10000 - 0x00007ffb28c92000 	C:\Windows\System32\bcryptPrimitives.dll
0x00007ffb1c740000 - 0x00007ffb1c765000 	C:\Users\Tanya Boshoff\.p2\pool\plugins\org.eclipse.justj.openjdk.hotspot.jre.full.win32.x86_64_17.0.6.v20230204-1729\jre\bin\java.dll

dbghelp: loaded successfully - version: 4.0.5 - missing functions: none
symbol engine: initialized successfully - sym options: 0x614 - pdb path: .;C:\Users\Tanya Boshoff\.p2\pool\plugins\org.eclipse.justj.openjdk.hotspot.jre.full.win32.x86_64_17.0.6.v20230204-1729\jre\bin;C:\Windows\SYSTEM32;C:\Windows\WinSxS\amd64_microsoft.windows.common-controls_6595b64144ccf1df_6.0.19041.1110_none_60b5254171f9507e;C:\Users\Tanya Boshoff\.p2\pool\plugins\org.eclipse.justj.openjdk.hotspot.jre.full.win32.x86_64_17.0.6.v20230204-1729\jre\bin\server

VM Arguments:
jvm_args: -Dfile.encoding=UTF-8 -XX:+ShowCodeDetailsInExceptionMessages 
java_command: StudentDataManagement
java_class_path (initial): C:\Users\Tanya Boshoff\Documents\Studies\BIT504 - Programming 1\Assignment 1\BIT504_Assessment_1_Tanya_Suzette_Boshoff_5059387\StudentDataManagement\bin
Launcher Type: SUN_STANDARD

[Global flags]
     intx CICompilerCount                          = 3                                         {product} {ergonomic}
     uint ConcGCThreads                            = 1                                         {product} {ergonomic}
     uint G1ConcRefinementThreads                  = 4                                         {product} {ergonomic}
   size_t G1HeapRegionSize                         = 1048576                                   {product} {ergonomic}
    uintx GCDrainStackTargetSize                   = 64                                        {product} {ergonomic}
   size_t InitialHeapSize                          = 134217728                                 {product} {ergonomic}
   size_t MarkStackSize                            = 4194304                                   {product} {ergonomic}
   size_t MaxHeapSize                              = 2116026368                                {product} {ergonomic}
   size_t MinHeapDeltaBytes                        = 1048576                                   {product} {ergonomic}
   size_t MinHeapSize                              = 8388608                                   {product} {ergonomic}
    uintx NonNMethodCodeHeapSize                   = 5832780                                {pd product} {ergonomic}
    uintx NonProfiledCodeHeapSize                  = 122912730                              {pd product} {ergonomic}
    uintx ProfiledCodeHeapSize                     = 122912730                              {pd product} {ergonomic}
    uintx ReservedCodeCacheSize                    = 251658240                              {pd product} {ergonomic}
     bool SegmentedCodeCache                       = true                                      {product} {ergonomic}
     bool ShowCodeDetailsInExceptionMessages       = true                                   {manageable} {command line}
   size_t SoftMaxHeapSize                          = 2116026368                             {manageable} {ergonomic}
     bool UseCompressedClassPointers               = true                           {product lp64_product} {ergonomic}
     bool UseCompressedOops                        = true                           {product lp64_product} {ergonomic}
     bool UseG1GC                                  = true                                      {product} {ergonomic}
     bool UseLargePagesIndividualAllocation        = false                                  {pd product} {ergonomic}

Logging:
Log output configuration:
 #0: stdout all=warning uptime,level,tags
 #1: stderr all=off uptime,level,tags

Environment Variables:
PATH=C:/Users/Tanya Boshoff/.p2/pool/plugins/org.eclipse.justj.openjdk.hotspot.jre.full.win32.x86_64_17.0.6.v20230204-1729/jre/bin/server;C:/Users/Tanya Boshoff/.p2/pool/plugins/org.eclipse.justj.openjdk.hotspot.jre.full.win32.x86_64_17.0.6.v20230204-1729/jre/bin;C:\Program Files\Microsoft MPI\Bin\;C:\Program Files\Microsoft\jdk-11.0.12.7-hotspot\bin;C:\Windows\system32;C:\Windows;C:\Windows\System32\Wbem;C:\Windows\System32\WindowsPowerShell\v1.0\;C:\Windows\System32\OpenSSH\;C:\Program Files (x86)\ATI Technologies\ATI.ACE\Core-Static;C:\Program Files\Microsoft SQL Server\150\Tools\Binn\;C:\Program Files\Microsoft SQL Server\Client SDK\ODBC\170\Tools\Binn\;C:\Program Files\Microsoft SQL Server\130\Tools\Binn\;C:\Program Files\dotnet\;C:\Program Files (x86)\Microsoft SQL Server\150\DTS\Binn\;C:\Program Files\Azure Data Studio\bin;C:\Users\Tanya Boshoff\AppData\Local\Microsoft\WindowsApps;C:\Users\Tanya Boshoff\.dotnet\tools;C:\Users\Tanya Boshoff\AppData\Local\Programs\Microsoft VS Code\bin;C:\Program Files\Inkscape\bin;C:\Program Files\Azure Data Studio\bin;C:\Windows\System32;
USERNAME=Tanya Boshoff
OS=Windows_NT
PROCESSOR_IDENTIFIER=Intel64 Family 6 Model 58 Stepping 9, GenuineIntel
TMP=C:\Users\TANYAB~1\AppData\Local\Temp
TEMP=C:\Users\TANYAB~1\AppData\Local\Temp



---------------  S Y S T E M  ---------------

OS:
 Windows 10 , 64 bit Build 19041 (10.0.19041.2546)
OS uptime: 0 days 22:18 hours

CPU: total 4 (initial active 4) (4 cores per cpu, 1 threads per core) family 6 model 58 stepping 9 microcode 0x21, cx8, cmov, fxsr, mmx, sse, sse2, sse3, ssse3, sse4.1, sse4.2, popcnt, tsc, tscinvbit, avx, aes, erms, clmul, vzeroupper, clflush

Memory: 4k page, system-wide physical 8066M (1592M free)
TotalPageFile size 32615M (AvailPageFile size 60M)
current process WorkingSet (physical memory assigned to process): 10M, peak: 10M
current process commit charge ("private bytes"): 51M, peak: 179M

vm_info: OpenJDK 64-Bit Server VM (17.0.6+10) for windows-amd64 JRE (17.0.6+10), built on Jan 18 2023 10:08:59 by "temurin" with MS VC++ 16.7 (VS2019)

END.
